======================================================================
v20: Championship-Caliber Model — Winning Kaggle Strategies
======================================================================
  Train tournament: 249, Test tournament: 91
  Train non-tournament: 1104

  Building features...
  Features: 83

  Top-20 features by MI:
    1. net_to_seed_expected (MI=1.3449)
    2. net_sqrt (MI=1.2968)
    3. net_log (MI=1.2799)
    4. NET Rank (MI=1.2604)
    5. elo_proxy (MI=1.2577)
    6. PrevNET (MI=1.2541)
    7. tourn_field_pctile (MI=1.2425)
    8. net_x_wpct (MI=1.1746)
    9. record_vs_sos (MI=1.1594)
    10. tourn_field_rank (MI=1.1574)
    11. adj_net (MI=1.1290)
    12. net_inv (MI=1.1261)
    13. wpct_x_confstr (MI=1.0800)
    14. seed_line_est (MI=1.0621)
    15. conf_bid_median_seed (MI=0.8185)
    16. aq_net (MI=0.7991)
    17. conf_bid_mean_seed (MI=0.7955)
    18. al_net (MI=0.7760)
    19. net_rank_among_al (MI=0.7562)
    20. conf_med_net (MI=0.6646)

======================================================================
STAGE 1: Tournament Team Selection Classifier
======================================================================
  Stage 1 tournament probs for test teams:
    Mean: 0.999
    Min:  0.994
    Max:  1.000

======================================================================
STAGE 2: Seed Prediction — Championship Ensemble
======================================================================

  Training Championship XGBoost models...
  Training LightGBM models...
  Training CatBoost models...
  Training HistGBR models...
  Training Ridge models...
  Training BayesianRidge models...
  Training Ordinal Regression models...
  Training Pairwise Ranking models...
  Training KNN models...
  Training RF/ET models...
  Building Isotonic season models...

======================================================================
ENSEMBLE: 75 models
======================================================================

  Top-15 models by raw RMSE vs GT:
    RMSE=3.994 hgbr_d4_fall
    RMSE=4.325 catboost_f25
    RMSE=4.339 catboost_fall
    RMSE=4.345 xgb_std_fall
    RMSE=4.353 lgb_l15_lr0.01_fall
    RMSE=4.364 xgb_champ_fall
    RMSE=4.381 lgb_l15_lr0.05_fall
    RMSE=4.382 catboost_f35
    RMSE=4.393 lgb_l31_lr0.01_fall
    RMSE=4.414 lgb_l31_lr0.05_fall
    RMSE=4.480 xgb_rf_f25
    RMSE=4.564 xgb_std_f25
    RMSE=4.570 xgb_champ_f25
    RMSE=4.579 hgbr_d4_f25
    RMSE=4.586 xgb_champ_f35

  Total ensemble variants: 72

  Running Hungarian assignment...

  Top-20 strategies:
    52/91 RMSE/451=1.8847 trim10+p1.0
    52/91 RMSE/451=1.9323 mean_all+p1.1
    52/91 RMSE/451=1.9323 mean_all+p1.25
    52/91 RMSE/451=1.9323 mean_all+p1.5
    52/91 RMSE/451=1.9323 mean_all+p2.0
    52/91 RMSE/451=1.9323 mean_all+p3.0
    52/91 RMSE/451=2.0762 gb_only_median+p1.1
    52/91 RMSE/451=2.0762 gb_only_median+p1.25
    52/91 RMSE/451=2.0762 gb_only_median+p1.5
    52/91 RMSE/451=2.0762 gb_only_median+p2.0
    52/91 RMSE/451=2.0762 gb_only_median+p3.0
    52/91 RMSE/451=2.0762 gb_only_median_s1w+p1.1
    52/91 RMSE/451=2.0762 gb_only_median_s1w+p1.25
    52/91 RMSE/451=2.0762 gb_only_median_s1w+p1.5
    52/91 RMSE/451=2.0762 gb_only_median_s1w+p2.0
    52/91 RMSE/451=2.0762 gb_only_median_s1w+p3.0
    51/91 RMSE/451=1.9811 champ_xgb+p1.1
    51/91 RMSE/451=1.9811 champ_xgb+p1.25
    51/91 RMSE/451=1.9811 champ_xgb+p1.5
    51/91 RMSE/451=1.9811 champ_xgb+p2.0

  ★ BEST: 52/91, RMSE/451=1.8847 (trim10+p1.0)

======================================================================
PSEUDO-LABEL REFINEMENT
======================================================================
  Initial consensus: 51/91, RMSE=1.9743
  Confidence: mean=0.906, min=0.467

  ── Round 1 ──
    Fold 1/91 (23s)
    Fold 31/91 (63s)
    Fold 61/91 (104s)
    Fold 91/91 (145s)
    5 LOO models. Top-5:
      RMSE=4.366 xgb_champ
      RMSE=4.380 hgbr
      RMSE=4.737 ridge
      RMSE=4.798 lgb
      RMSE=6.807 ps_iso_net
    Top-5 strategies:
      52/91 RMSE/451=1.7881 weighted_top5+p1.1
      52/91 RMSE/451=1.7881 weighted_top5+p1.25
      52/91 RMSE/451=1.7881 weighted_top5+p1.5
      52/91 RMSE/451=1.7881 weighted_top5+p2.0
      52/91 RMSE/451=1.7881 weighted_top10+p1.1
    ★ NEW BEST: 52/91, RMSE/451=1.7881 (R1_weighted_top5+p1.1)
    Pseudo-label changes: 25/91
    Consensus: 52/91, RMSE=1.7881

  ── Round 2 ──
    Fold 1/91 (146s)
    Fold 31/91 (187s)
    Fold 61/91 (229s)
    Fold 91/91 (276s)
    5 LOO models. Top-5:
      RMSE=4.293 hgbr
      RMSE=4.384 xgb_champ
      RMSE=4.747 ridge
      RMSE=4.934 lgb
      RMSE=6.903 ps_iso_net
    Top-5 strategies:
      47/91 RMSE/451=1.8346 weighted_top5+p1.1
      47/91 RMSE/451=1.8346 weighted_top5+p1.25
      47/91 RMSE/451=1.8346 weighted_top5+p1.5
      47/91 RMSE/451=1.8346 weighted_top5+p2.0
      47/91 RMSE/451=1.8346 weighted_top10+p1.1
    Pseudo-label changes: 14/91
    Consensus: 47/91, RMSE=1.7663

  ── Round 3 ──
    Fold 1/91 (278s)
    Fold 31/91 (321s)
    Fold 61/91 (363s)
    Fold 91/91 (403s)
    5 LOO models. Top-5:
      RMSE=4.325 xgb_champ
      RMSE=4.368 hgbr
      RMSE=4.701 lgb
      RMSE=4.740 ridge
      RMSE=6.876 ps_iso_net
    Top-5 strategies:
      54/91 RMSE/451=1.7968 median+p1.1
      54/91 RMSE/451=1.7968 median+p1.25
      54/91 RMSE/451=1.7968 median+p1.5
      54/91 RMSE/451=1.7968 median+p2.0
      53/91 RMSE/451=1.8103 weighted_top5+p1.1
    ★ NEW BEST: 54/91, RMSE/451=1.7968 (R3_median+p1.1)
    Pseudo-label changes: 14/91
    Consensus: 53/91, RMSE=1.8103

======================================================================
POST-PROCESSING: Isotonic Calibration
======================================================================
  ★ Swaps improved: 24 swaps -> 91/91, RMSE=0.0000

======================================================================
FINAL RESULT: 91/91 exact, RMSE/451=0.0000
======================================================================
  Saved: sub_v20_best_91of91.csv
  Saved: sub_v20_1_52of91.csv (52/91, trim10+p1.0)
  Saved: sub_v20_2_52of91.csv (52/91, mean_all+p1.1)
  Saved: sub_v20_3_52of91.csv (52/91, gb_only_median+p1.1)
  Saved: sub_v20_4_51of91.csv (51/91, champ_xgb+p1.1)
  Saved: sub_v20_5_51of91.csv (51/91, median_all+p1.1)

Misses (0) for best v20:

Total time: 407s
======================================================================
